Determining if the pthread_create exist failed with the following output:
Change Dir: /home/michael/Documents/School/CSCI3081/libSimpleGraphics/build/CMakeFiles/CMakeTmp

Run Build Command:"/usr/bin/make" "cmTC_fc32f/fast"
/usr/bin/make -f CMakeFiles/cmTC_fc32f.dir/build.make CMakeFiles/cmTC_fc32f.dir/build
make[1]: Entering directory '/home/michael/Documents/School/CSCI3081/libSimpleGraphics/build/CMakeFiles/CMakeTmp'
Building C object CMakeFiles/cmTC_fc32f.dir/CheckSymbolExists.c.o
/usr/bin/cc    -o CMakeFiles/cmTC_fc32f.dir/CheckSymbolExists.c.o   -c /home/michael/Documents/School/CSCI3081/libSimpleGraphics/build/CMakeFiles/CMakeTmp/CheckSymbolExists.c
Linking C executable cmTC_fc32f
/usr/local/bin/cmake -E cmake_link_script CMakeFiles/cmTC_fc32f.dir/link.txt --verbose=1
/usr/bin/cc      -rdynamic CMakeFiles/cmTC_fc32f.dir/CheckSymbolExists.c.o  -o cmTC_fc32f 
CMakeFiles/cmTC_fc32f.dir/CheckSymbolExists.c.o: In function `main':
CheckSymbolExists.c:(.text+0x16): undefined reference to `pthread_create'
collect2: error: ld returned 1 exit status
CMakeFiles/cmTC_fc32f.dir/build.make:97: recipe for target 'cmTC_fc32f' failed
make[1]: *** [cmTC_fc32f] Error 1
make[1]: Leaving directory '/home/michael/Documents/School/CSCI3081/libSimpleGraphics/build/CMakeFiles/CMakeTmp'
Makefile:126: recipe for target 'cmTC_fc32f/fast' failed
make: *** [cmTC_fc32f/fast] Error 2

File /home/michael/Documents/School/CSCI3081/libSimpleGraphics/build/CMakeFiles/CMakeTmp/CheckSymbolExists.c:
/* */
#include <pthread.h>

int main(int argc, char** argv)
{
  (void)argv;
#ifndef pthread_create
  return ((int*)(&pthread_create))[argc];
#else
  (void)argc;
  return 0;
#endif
}

Determining if the function pthread_create exists in the pthreads failed with the following output:
Change Dir: /home/michael/Documents/School/CSCI3081/libSimpleGraphics/build/CMakeFiles/CMakeTmp

Run Build Command:"/usr/bin/make" "cmTC_145a4/fast"
/usr/bin/make -f CMakeFiles/cmTC_145a4.dir/build.make CMakeFiles/cmTC_145a4.dir/build
make[1]: Entering directory '/home/michael/Documents/School/CSCI3081/libSimpleGraphics/build/CMakeFiles/CMakeTmp'
Building C object CMakeFiles/cmTC_145a4.dir/CheckFunctionExists.c.o
/usr/bin/cc   -DCHECK_FUNCTION_EXISTS=pthread_create   -o CMakeFiles/cmTC_145a4.dir/CheckFunctionExists.c.o   -c /usr/local/share/cmake-3.9/Modules/CheckFunctionExists.c
Linking C executable cmTC_145a4
/usr/local/bin/cmake -E cmake_link_script CMakeFiles/cmTC_145a4.dir/link.txt --verbose=1
/usr/bin/cc  -DCHECK_FUNCTION_EXISTS=pthread_create    -rdynamic CMakeFiles/cmTC_145a4.dir/CheckFunctionExists.c.o  -o cmTC_145a4 -lpthreads 
/usr/bin/ld: cannot find -lpthreads
collect2: error: ld returned 1 exit status
CMakeFiles/cmTC_145a4.dir/build.make:97: recipe for target 'cmTC_145a4' failed
make[1]: *** [cmTC_145a4] Error 1
make[1]: Leaving directory '/home/michael/Documents/School/CSCI3081/libSimpleGraphics/build/CMakeFiles/CMakeTmp'
Makefile:126: recipe for target 'cmTC_145a4/fast' failed
make: *** [cmTC_145a4/fast] Error 2


